<?xml version="1.0" encoding="UTF-8"?>
<testsuite xmlns:xsi="http://www.w3.org/2001/XMLSchema-instance" xsi:noNamespaceSchemaLocation="https://maven.apache.org/surefire/maven-surefire-plugin/xsd/surefire-test-report-3.0.xsd" version="3.0" name="labrary.digitaldepartment.DigitalDepartmentApplicationTests" time="12.115" tests="1" errors="0" skipped="0" failures="0">
  <properties>
[...]
</properties>
  <testcase name="contextLoads" classname="labrary.digitaldepartment.DigitalDepartmentApplicationTests" time="0.782">
    <system-out><![CDATA[12:12:26.028 [main] INFO org.springframework.test.context.support.AnnotationConfigContextLoaderUtils -- Could not detect default configuration classes for test class [labrary.digitaldepartment.DigitalDepartmentApplicationTests]: DigitalDepartmentApplicationTests does not declare any static, non-private, non-final, nested classes annotated with @Configuration.
12:12:26.144 [main] INFO org.springframework.boot.test.context.SpringBootTestContextBootstrapper -- Found @SpringBootConfiguration labrary.digitaldepartment.DigitalDepartmentApplication for test class labrary.digitaldepartment.DigitalDepartmentApplicationTests

 ____                                 _         ____  _       _    __                      
/ ___| __ _ _ __ ___  _   _ _ __   __| | __ _  |  _ \| | __ _| |_ / _| ___  _ __ _ __ ___  
| |   / _` | '_ ` _ \| | | | '_ \ / _` |/ _` | | |_) | |/ _` | __| |_ / _ \| '__| '_ ` _ \ 
| |__| (_| | | | | | | |_| | | | | (_| | (_| | |  __/| | (_| | |_|  _| (_) | |  | | | | | |
\____/\__,_|_| |_| |_|\__,_|_| |_|\__,_|\__,_| |_|   |_|\__,_|\__|_|  \___/|_|  |_| |_| |_|

  Spring-Boot:  (v3.2.1)
  Camunda Platform: (v7.20.0)
  Camunda Platform Spring Boot Starter: (v7.20.0)

2026-06-02T12:12:26.638+05:00  INFO 27736 --- [digital-department-ais] [           main] l.d.DigitalDepartmentApplicationTests    : Starting DigitalDepartmentApplicationTests using Java 21.0.9 with PID 27736 (started by user in C:\Users\user\Desktop\my projects\DigitalDepartment)
2026-06-02T12:12:26.647+05:00  INFO 27736 --- [digital-department-ais] [           main] l.d.DigitalDepartmentApplicationTests    : No active profile set, falling back to 1 default profile: "default"
2026-06-02T12:12:27.651+05:00  INFO 27736 --- [digital-department-ais] [           main] .s.d.r.c.RepositoryConfigurationDelegate : Bootstrapping Spring Data JPA repositories in DEFAULT mode.
2026-06-02T12:12:27.747+05:00  INFO 27736 --- [digital-department-ais] [           main] .s.d.r.c.RepositoryConfigurationDelegate : Finished Spring Data repository scanning in 82 ms. Found 12 JPA repository interfaces.
2026-06-02T12:12:28.540+05:00  INFO 27736 --- [digital-department-ais] [           main] o.hibernate.jpa.internal.util.LogHelper  : HHH000204: Processing PersistenceUnitInfo [name: default]
2026-06-02T12:12:28.687+05:00  INFO 27736 --- [digital-department-ais] [           main] org.hibernate.Version                    : HHH000412: Hibernate ORM core version 6.4.1.Final
2026-06-02T12:12:28.756+05:00  INFO 27736 --- [digital-department-ais] [           main] o.h.c.internal.RegionFactoryInitiator    : HHH000026: Second-level cache disabled
2026-06-02T12:12:29.149+05:00  INFO 27736 --- [digital-department-ais] [           main] o.s.o.j.p.SpringPersistenceUnitInfo      : No LoadTimeWeaver setup: ignoring JPA class transformer
2026-06-02T12:12:29.180+05:00  INFO 27736 --- [digital-department-ais] [           main] com.zaxxer.hikari.HikariDataSource       : HikariPool-1 - Starting...
2026-06-02T12:12:29.410+05:00  INFO 27736 --- [digital-department-ais] [           main] com.zaxxer.hikari.pool.HikariPool        : HikariPool-1 - Added connection org.postgresql.jdbc.PgConnection@52285a5f
2026-06-02T12:12:29.413+05:00  INFO 27736 --- [digital-department-ais] [           main] com.zaxxer.hikari.HikariDataSource       : HikariPool-1 - Start completed.
2026-06-02T12:12:29.454+05:00  WARN 27736 --- [digital-department-ais] [           main] org.hibernate.orm.deprecation            : HHH90000025: PostgreSQLDialect does not need to be specified explicitly using 'hibernate.dialect' (remove the property setting and it will be selected by default)
2026-06-02T12:12:30.860+05:00  INFO 27736 --- [digital-department-ais] [           main] o.h.e.t.j.p.i.JtaPlatformInitiator       : HHH000489: No JTA platform available (set 'hibernate.transaction.jta.platform' to enable JTA platform integration)
2026-06-02T12:12:31.080+05:00  INFO 27736 --- [digital-department-ais] [           main] j.LocalContainerEntityManagerFactoryBean : Initialized JPA EntityManagerFactory for persistence unit 'default'
2026-06-02T12:12:32.033+05:00  WARN 27736 --- [digital-department-ais] [           main] JpaBaseConfiguration$JpaWebConfiguration : spring.jpa.open-in-view is enabled by default. Therefore, database queries may be performed during view rendering. Explicitly configure spring.jpa.open-in-view to disable this warning
2026-06-02T12:12:32.618+05:00  INFO 27736 --- [digital-department-ais] [           main] o.s.s.web.DefaultSecurityFilterChain     : Will secure any request with [org.springframework.security.web.session.DisableEncodeUrlFilter@3793896e, org.springframework.security.web.context.request.async.WebAsyncManagerIntegrationFilter@47541b42, org.springframework.security.web.context.SecurityContextHolderFilter@54464330, org.springframework.security.web.header.HeaderWriterFilter@6def1699, org.springframework.web.filter.CorsFilter@17fbbf0a, org.springframework.security.web.authentication.logout.LogoutFilter@7bfd8f92, labrary.digitaldepartment.Configurations.JwtAuthenticationFilter@307e9c02, org.springframework.security.web.savedrequest.RequestCacheAwareFilter@3feeab43, org.springframework.security.web.servletapi.SecurityContextHolderAwareRequestFilter@6178ac9d, org.springframework.security.web.authentication.AnonymousAuthenticationFilter@41dbf02b, org.springframework.security.web.session.SessionManagementFilter@1c65740a, org.springframework.security.web.access.ExceptionTranslationFilter@4b708c16, org.springframework.security.web.access.intercept.AuthorizationFilter@16ecdb6d]
2026-06-02T12:12:32.697+05:00  INFO 27736 --- [digital-department-ais] [           main] org.camunda.bpm.spring.boot              : STARTER-SB040 Setting up jobExecutor with corePoolSize=3, maxPoolSize:10
2026-06-02T12:12:32.788+05:00  INFO 27736 --- [digital-department-ais] [           main] org.camunda.bpm.engine.cfg               : ENGINE-12003 Plugin 'CompositeProcessEnginePlugin[genericPropertiesConfiguration, camundaProcessEngineConfiguration, camundaDatasourceConfiguration, camundaJobConfiguration, camundaHistoryConfiguration, camundaMetricsConfiguration, camundaAuthorizationConfiguration, camundaDeploymentConfiguration, failedJobConfiguration, eventPublisherPlugin, ApplicationContextClassloaderSwitchPlugin]' activated on process engine 'default'
2026-06-02T12:12:33.627+05:00  INFO 27736 --- [digital-department-ais] [           main] org.camunda.bpm.spring.boot              : STARTER-SB021 Auto-Deploying resources: []
2026-06-02T12:12:33.630+05:00  INFO 27736 --- [digital-department-ais] [           main] o.c.b.s.b.s.event.EventPublisherPlugin   : EVENTING-001: Initialized Camunda Spring Boot Eventing Engine Plugin.
2026-06-02T12:12:33.630+05:00  INFO 27736 --- [digital-department-ais] [           main] o.c.b.s.b.s.event.EventPublisherPlugin   : EVENTING-003: Task events will be published as Spring Events.
2026-06-02T12:12:33.630+05:00  INFO 27736 --- [digital-department-ais] [           main] o.c.b.s.b.s.event.EventPublisherPlugin   : EVENTING-005: Execution events will be published as Spring Events.
2026-06-02T12:12:33.630+05:00  INFO 27736 --- [digital-department-ais] [           main] o.c.b.s.b.s.event.EventPublisherPlugin   : EVENTING-009: Listeners will not be invoked if a skipCustomListeners API parameter is set to true by user.
2026-06-02T12:12:33.637+05:00  INFO 27736 --- [digital-department-ais] [           main] o.c.b.s.b.s.event.EventPublisherPlugin   : EVENTING-007: History events will be published as Spring events.
2026-06-02T12:12:33.812+05:00  INFO 27736 --- [digital-department-ais] [           main] org.camunda.feel.FeelEngine              : Engine created. [value-mapper: CompositeValueMapper(List(org.camunda.feel.impl.JavaValueMapper@36cbe0fe)), function-provider: org.camunda.bpm.dmn.feel.impl.scala.function.CustomFunctionTransformer@28cc690d, clock: SystemClock, configuration: Configuration(false)]
Standard Commons Logging discovery in action with spring-jcl: please remove commons-logging.jar from classpath in order to avoid potential conflicts
2026-06-02T12:12:35.717+05:00  INFO 27736 --- [digital-department-ais] [           main] org.camunda.bpm.connect                  : CNCT-01004 Discovered provider for connector id 'http-connector' and class 'org.camunda.connect.httpclient.impl.HttpConnectorImpl': 'org.camunda.connect.httpclient.impl.HttpConnectorProviderImpl'
2026-06-02T12:12:35.719+05:00  INFO 27736 --- [digital-department-ais] [           main] org.camunda.bpm.connect                  : CNCT-01004 Discovered provider for connector id 'soap-http-connector' and class 'org.camunda.connect.httpclient.soap.impl.SoapHttpConnectorImpl': 'org.camunda.connect.httpclient.soap.impl.SoapHttpConnectorProviderImpl'
2026-06-02T12:12:36.157+05:00  INFO 27736 --- [digital-department-ais] [           main] org.camunda.bpm.engine.persistence       : ENGINE-03016 Performing database operation 'create' on component 'engine' with resource 'org/camunda/bpm/engine/db/create/activiti.postgres.create.engine.sql'
2026-06-02T12:12:36.433+05:00  INFO 27736 --- [digital-department-ais] [           main] org.camunda.bpm.engine.persistence       : ENGINE-03016 Performing database operation 'create' on component 'history' with resource 'org/camunda/bpm/engine/db/create/activiti.postgres.create.history.sql'
2026-06-02T12:12:36.471+05:00  INFO 27736 --- [digital-department-ais] [           main] org.camunda.bpm.engine.persistence       : ENGINE-03016 Performing database operation 'create' on component 'identity' with resource 'org/camunda/bpm/engine/db/create/activiti.postgres.create.identity.sql'
2026-06-02T12:12:36.517+05:00  INFO 27736 --- [digital-department-ais] [           main] org.camunda.bpm.engine.persistence       : ENGINE-03016 Performing database operation 'create' on component 'case.engine' with resource 'org/camunda/bpm/engine/db/create/activiti.postgres.create.case.engine.sql'
2026-06-02T12:12:36.544+05:00  INFO 27736 --- [digital-department-ais] [           main] org.camunda.bpm.engine.persistence       : ENGINE-03016 Performing database operation 'create' on component 'case.history' with resource 'org/camunda/bpm/engine/db/create/activiti.postgres.create.case.history.sql'
2026-06-02T12:12:36.562+05:00  INFO 27736 --- [digital-department-ais] [           main] org.camunda.bpm.engine.persistence       : ENGINE-03016 Performing database operation 'create' on component 'decision.engine' with resource 'org/camunda/bpm/engine/db/create/activiti.postgres.create.decision.engine.sql'
2026-06-02T12:12:36.611+05:00  INFO 27736 --- [digital-department-ais] [           main] org.camunda.bpm.engine.persistence       : ENGINE-03016 Performing database operation 'create' on component 'decision.history' with resource 'org/camunda/bpm/engine/db/create/activiti.postgres.create.decision.history.sql'
2026-06-02T12:12:36.659+05:00  INFO 27736 --- [digital-department-ais] [           main] org.camunda.bpm.engine.persistence       : ENGINE-03067 No history level property found in database
2026-06-02T12:12:36.662+05:00  INFO 27736 --- [digital-department-ais] [           main] org.camunda.bpm.engine.persistence       : ENGINE-03065 Creating historyLevel property in database for level: HistoryLevelFull(name=full, id=3)
2026-06-02T12:12:36.694+05:00  INFO 27736 --- [digital-department-ais] [           main] org.camunda.bpm.engine                   : ENGINE-00001 Process Engine default created.
2026-06-02T12:12:36.754+05:00  INFO 27736 --- [digital-department-ais] [           main] .c.b.s.b.s.r.CamundaJerseyResourceConfig : Configuring camunda rest api.
2026-06-02T12:12:36.768+05:00  INFO 27736 --- [digital-department-ais] [           main] .c.b.s.b.s.r.CamundaJerseyResourceConfig : Finished configuring camunda rest api.
2026-06-02T12:12:37.133+05:00  INFO 27736 --- [digital-department-ais] [           main] l.d.DigitalDepartmentApplicationTests    : Started DigitalDepartmentApplicationTests in 10.809 seconds (process running for 12.704)
2026-06-02T12:12:37.137+05:00  INFO 27736 --- [digital-department-ais] [           main] org.camunda.bpm.engine.jobexecutor       : ENGINE-14014 Starting up the JobExecutor[org.camunda.bpm.engine.spring.components.jobexecutor.SpringJobExecutor].
2026-06-02T12:12:37.141+05:00  INFO 27736 --- [digital-department-ais] [ingJobExecutor]] org.camunda.bpm.engine.jobexecutor       : ENGINE-14018 JobExecutor[org.camunda.bpm.engine.spring.components.jobexecutor.SpringJobExecutor] starting to acquire jobs
]]></system-out>
    <system-err><![CDATA[WARNING: A Java agent has been loaded dynamically (C:\Users\user\.m2\repository\net\bytebuddy\byte-buddy-agent\1.14.10\byte-buddy-agent-1.14.10.jar)
WARNING: If a serviceability tool is in use, please run with -XX:+EnableDynamicAgentLoading to hide this warning
WARNING: If a serviceability tool is not in use, please run with -Djdk.instrument.traceUsage for more information
WARNING: Dynamic loading of agents will be disallowed by default in a future release
]]></system-err>
  </testcase>
</testsuite>